Using pre-set license
Built from '2021.3/release' branch; Version is '2021.3.17f1 (3e8111cac19d) revision 4096273'; Using compiler version '192829333'; Build Type 'Release'
OS: 'Windows 11  (10.0.22621) 64bit Professional' Language: 'en' Physical Memory: 15773 MB
BatchMode: 1, IsHumanControllingUs: 0, StartBugReporterOnCrash: 0, Is64bit: 1, IsPro: 1

COMMAND LINE ARGUMENTS:
C:\Program Files\Unity\Hub\Editor\2021.3.17f1\Editor\Unity.exe
-adb2
-batchMode
-noUpm
-name
AssetImportWorker2
-projectPath
C:/Users/Emin/Documents/Emilin veshleri/sudoBall-main/sudoBall-main
-logFile
Logs/AssetImportWorker2.log
-srvPort
61121
Successfully changed project path to: C:/Users/Emin/Documents/Emilin veshleri/sudoBall-main/sudoBall-main
C:/Users/Emin/Documents/Emilin veshleri/sudoBall-main/sudoBall-main
[UnityMemory] Configuration Parameters - Can be set up in boot.config
    "memorysetup-bucket-allocator-granularity=16"
    "memorysetup-bucket-allocator-bucket-count=8"
    "memorysetup-bucket-allocator-block-size=33554432"
    "memorysetup-bucket-allocator-block-count=8"
    "memorysetup-main-allocator-block-size=16777216"
    "memorysetup-thread-allocator-block-size=16777216"
    "memorysetup-gfx-main-allocator-block-size=16777216"
    "memorysetup-gfx-thread-allocator-block-size=16777216"
    "memorysetup-cache-allocator-block-size=4194304"
    "memorysetup-typetree-allocator-block-size=2097152"
    "memorysetup-profiler-bucket-allocator-granularity=16"
    "memorysetup-profiler-bucket-allocator-bucket-count=8"
    "memorysetup-profiler-bucket-allocator-block-size=33554432"
    "memorysetup-profiler-bucket-allocator-block-count=8"
    "memorysetup-profiler-allocator-block-size=16777216"
    "memorysetup-profiler-editor-allocator-block-size=1048576"
    "memorysetup-temp-allocator-size-main=16777216"
    "memorysetup-job-temp-allocator-block-size=2097152"
    "memorysetup-job-temp-allocator-block-size-background=1048576"
    "memorysetup-job-temp-allocator-reduction-small-platforms=262144"
    "memorysetup-temp-allocator-size-background-worker=32768"
    "memorysetup-temp-allocator-size-job-worker=262144"
    "memorysetup-temp-allocator-size-preload-manager=33554432"
    "memorysetup-temp-allocator-size-nav-mesh-worker=65536"
    "memorysetup-temp-allocator-size-audio-worker=65536"
    "memorysetup-temp-allocator-size-cloud-worker=32768"
    "memorysetup-temp-allocator-size-gi-baking-worker=262144"
    "memorysetup-temp-allocator-size-gfx=262144"
Player connection [12284] Host "[IP] 192.168.19.1 [Port] 0 [Flags] 2 [Guid] 3298976725 [EditorId] 3298976725 [Version] 1048832 [Id] WindowsEditor(7,DESKTOP-P3J88KR) [Debug] 1 [PackageName] WindowsEditor [ProjectName] Editor" joined multi-casting on [225.0.0.222:54997]...

Player connection [12284] Host "[IP] 192.168.19.1 [Port] 0 [Flags] 2 [Guid] 3298976725 [EditorId] 3298976725 [Version] 1048832 [Id] WindowsEditor(7,DESKTOP-P3J88KR) [Debug] 1 [PackageName] WindowsEditor [ProjectName] Editor" joined alternative multi-casting on [225.0.0.222:34997]...

Refreshing native plugins compatible for Editor in 97.63 ms, found 0 plugins.
Preloading 0 native plugins for Editor in 0.00 ms.
Initialize engine version: 2021.3.17f1 (3e8111cac19d)
[Subsystems] Discovering subsystems at path C:/Program Files/Unity/Hub/Editor/2021.3.17f1/Editor/Data/Resources/UnitySubsystems
[Subsystems] Discovering subsystems at path C:/Users/Emin/Documents/Emilin veshleri/sudoBall-main/sudoBall-main/Assets
GfxDevice: creating device client; threaded=0; jobified=0
Direct3D:
    Version:  Direct3D 11.0 [level 11.1]
    Renderer: AMD Radeon (TM) Graphics (ID=0x15e7)
    Vendor:   ATI
    VRAM:     7886 MB
    Driver:   31.0.12034.4
Initialize mono
Mono path[0] = 'C:/Program Files/Unity/Hub/Editor/2021.3.17f1/Editor/Data/Managed'
Mono path[1] = 'C:/Program Files/Unity/Hub/Editor/2021.3.17f1/Editor/Data/MonoBleedingEdge/lib/mono/unityjit-win32'
Mono config path = 'C:/Program Files/Unity/Hub/Editor/2021.3.17f1/Editor/Data/MonoBleedingEdge/etc'
Using monoOptions --debugger-agent=transport=dt_socket,embedding=1,server=y,suspend=n,address=127.0.0.1:56480
Begin MonoManager ReloadAssembly
Registering precompiled unity dll's ...
Register platform support module: C:/Program Files/Unity/Hub/Editor/2021.3.17f1/Editor/Data/PlaybackEngines/AndroidPlayer/UnityEditor.Android.Extensions.dll
Register platform support module: C:/Program Files/Unity/Hub/Editor/2021.3.17f1/Editor/Data/PlaybackEngines/WindowsStandaloneSupport/UnityEditor.WindowsStandalone.Extensions.dll
Registered in 0.003692 seconds.
Native extension for WindowsStandalone target not found
Native extension for Android target not found
Android Extension - Scanning For ADB Devices 272 ms
Refreshing native plugins compatible for Editor in 43.27 ms, found 0 plugins.
Preloading 0 native plugins for Editor in 0.00 ms.
Mono: successfully reloaded assembly
- Completed reload, in  0.817 seconds
Domain Reload Profiling:
	ReloadAssembly (817ms)
		BeginReloadAssembly (61ms)
			ExecutionOrderSort (0ms)
			DisableScriptedObjects (0ms)
			BackupInstance (0ms)
			ReleaseScriptingObjects (0ms)
			CreateAndSetChildDomain (1ms)
		EndReloadAssembly (668ms)
			LoadAssemblies (59ms)
			RebuildTransferFunctionScriptingTraits (0ms)
			SetupTypeCache (85ms)
			ReleaseScriptCaches (0ms)
			RebuildScriptCaches (27ms)
			SetupLoadedEditorAssemblies (513ms)
				LogAssemblyErrors (0ms)
				InitializePlatformSupportModulesInManaged (337ms)
				SetLoadedEditorAssemblies (0ms)
				RefreshPlugins (43ms)
				BeforeProcessingInitializeOnLoad (1ms)
				ProcessInitializeOnLoadAttributes (84ms)
				ProcessInitializeOnLoadMethodAttributes (47ms)
				AfterProcessingInitializeOnLoad (0ms)
				EditorAssembliesLoaded (0ms)
			ExecutionOrderSort2 (0ms)
			AwakeInstancesAfterBackupRestoration (0ms)
Platform modules already initialized, skipping
Registering precompiled user dll's ...
Registered in 0.001935 seconds.
Begin MonoManager ReloadAssembly
Native extension for WindowsStandalone target not found
Native extension for Android target not found
Refreshing native plugins compatible for Editor in 46.35 ms, found 0 plugins.
Preloading 0 native plugins for Editor in 0.00 ms.
Mono: successfully reloaded assembly
- Completed reload, in  0.960 seconds
Domain Reload Profiling:
	ReloadAssembly (961ms)
		BeginReloadAssembly (104ms)
			ExecutionOrderSort (0ms)
			DisableScriptedObjects (6ms)
			BackupInstance (0ms)
			ReleaseScriptingObjects (0ms)
			CreateAndSetChildDomain (28ms)
		EndReloadAssembly (778ms)
			LoadAssemblies (65ms)
			RebuildTransferFunctionScriptingTraits (0ms)
			SetupTypeCache (149ms)
			ReleaseScriptCaches (1ms)
			RebuildScriptCaches (48ms)
			SetupLoadedEditorAssemblies (461ms)
				LogAssemblyErrors (0ms)
				InitializePlatformSupportModulesInManaged (19ms)
				SetLoadedEditorAssemblies (0ms)
				RefreshPlugins (46ms)
				BeforeProcessingInitializeOnLoad (76ms)
				ProcessInitializeOnLoadAttributes (243ms)
				ProcessInitializeOnLoadMethodAttributes (72ms)
				AfterProcessingInitializeOnLoad (4ms)
				EditorAssembliesLoaded (0ms)
			ExecutionOrderSort2 (0ms)
			AwakeInstancesAfterBackupRestoration (4ms)
Platform modules already initialized, skipping
========================================================================
Worker process is ready to serve import requests
Launched and connected shader compiler UnityShaderCompiler.exe after 0.09 seconds
Refreshing native plugins compatible for Editor in 0.71 ms, found 0 plugins.
Preloading 0 native plugins for Editor in 0.00 ms.
Unloading 3218 Unused Serialized files (Serialized files now loaded: 0)
Unloading 111 unused Assets / (0.8 MB). Loaded Objects now: 3680.
Memory consumption went from 158.3 MB to 157.5 MB.
Total: 3.721900 ms (FindLiveObjects: 0.279800 ms CreateObjectMapping: 0.104400 ms MarkObjects: 2.839300 ms  DeleteObjects: 0.497300 ms)

AssetImportParameters requested are different than current active one (requested -> active):
  custom:video-decoder-ogg-theora: a1e56fd34408186e4bbccfd4996cb3dc -> 
  custom:container-muxer-webm: aa71ff27fc2769a1b78a27578f13a17b -> 
  custom:container-demuxer-webm: 4f35f7cbe854078d1ac9338744f61a02 -> 
  custom:video-encoder-webm-vp8: eb34c28f22e8b96e1ab97ce403110664 -> 
  custom:video-codec-MediaFoundation-h265: 746d11721c4dcdbdad8f713fa42b33f4 -> 
  custom:audio-encoder-webm-vorbis: bf7c407c2cedff20999df2af8eb42d56 -> 
  custom:framework-win-MediaFoundation: 216162199b28c13a410421893ffa2e32 -> 
  custom:container-demuxer-ogg: 62fdf1f143b41e24485cea50d1cbac27 -> 
  custom:video-decoder-webm-vp8: 9c59270c3fd7afecdb556c50c9e8de78 -> 
  custom:audio-decoder-ogg-vorbis: bf7c407c2cedff20999df2af8eb42d56 -> 
========================================================================
Received Import Request.
  Time since last request: 203242.923817 seconds.
  path: Assets/TexturesAndSprites
  artifactKey: Guid(4c50a2fab3a932f43994d4ff67133fb8) Importer(815301076,1909f56bfc062723c751e8b465ee728b)
Start importing Assets/TexturesAndSprites using Guid(4c50a2fab3a932f43994d4ff67133fb8) Importer(815301076,1909f56bfc062723c751e8b465ee728b)  -> (artifact id: 'b4860f256db06735fe34d1cd69de6c29') in 0.019886 seconds 
========================================================================
Received Import Request.
  Time since last request: 0.541800 seconds.
  path: Assets/TextMesh Pro/Sprites
  artifactKey: Guid(d0603b6d5186471b96c778c3949c7ce2) Importer(815301076,1909f56bfc062723c751e8b465ee728b)
Start importing Assets/TextMesh Pro/Sprites using Guid(d0603b6d5186471b96c778c3949c7ce2) Importer(815301076,1909f56bfc062723c751e8b465ee728b)  -> (artifact id: 'b27a52c99a9f8f9ac4f70e63a6bb6f32') in 0.011025 seconds 
========================================================================
Received Import Request.
  Time since last request: 0.631795 seconds.
  path: Assets/Joystick Pack/Sprites
  artifactKey: Guid(f36f8459cb8c3fd44ba4390ba9652af8) Importer(815301076,1909f56bfc062723c751e8b465ee728b)
Start importing Assets/Joystick Pack/Sprites using Guid(f36f8459cb8c3fd44ba4390ba9652af8) Importer(815301076,1909f56bfc062723c751e8b465ee728b)  -> (artifact id: 'dd20ee0d73c0c9f2930a6afb43c79c06') in 0.002363 seconds 
========================================================================
Received Import Request.
  Time since last request: 0.483696 seconds.
  path: Assets/TextMesh Pro/Resources/Sprite Assets
  artifactKey: Guid(512a49d95c0c4332bdd98131869c23c9) Importer(815301076,1909f56bfc062723c751e8b465ee728b)
Start importing Assets/TextMesh Pro/Resources/Sprite Assets using Guid(512a49d95c0c4332bdd98131869c23c9) Importer(815301076,1909f56bfc062723c751e8b465ee728b)  -> (artifact id: '1dcb9dc3060b39f33c350934f5d461fd') in 0.008273 seconds 
========================================================================
Received Import Request.
  Time since last request: 28.413960 seconds.
  path: Assets/TexturesAndSprites/LoadingImageWithDiamond.png
  artifactKey: Guid(e551c3628bb674c4ba41dbdd8d352288) Importer(815301076,1909f56bfc062723c751e8b465ee728b)
Start importing Assets/TexturesAndSprites/LoadingImageWithDiamond.png using Guid(e551c3628bb674c4ba41dbdd8d352288) Importer(815301076,1909f56bfc062723c751e8b465ee728b)  -> (artifact id: '7a968e061ee7d3787a983a14ef1a5bdd') in 0.118157 seconds 
========================================================================
Received Import Request.
  Time since last request: 0.091425 seconds.
  path: Assets/TexturesAndSprites/LoadingImage.png
  artifactKey: Guid(8986b22ad7017a84885d108c253f4336) Importer(815301076,1909f56bfc062723c751e8b465ee728b)
Start importing Assets/TexturesAndSprites/LoadingImage.png using Guid(8986b22ad7017a84885d108c253f4336) Importer(815301076,1909f56bfc062723c751e8b465ee728b)  -> (artifact id: '0e1c117db67add74355ce07f35bfb558') in 0.043790 seconds 
========================================================================
Received Import Request.
  Time since last request: 0.063796 seconds.
  path: Assets/TexturesAndSprites/Loading.png
  artifactKey: Guid(9bd02ccd94d2ea5499a14b938d5113c6) Importer(815301076,1909f56bfc062723c751e8b465ee728b)
Start importing Assets/TexturesAndSprites/Loading.png using Guid(9bd02ccd94d2ea5499a14b938d5113c6) Importer(815301076,1909f56bfc062723c751e8b465ee728b)  -> (artifact id: 'd8425da7fccd29b46d67b0d37bc2c06c') in 0.063350 seconds 
========================================================================
Received Import Request.
  Time since last request: 0.421348 seconds.
  path: Assets/TexturesAndSprites/groundtexture2.png
  artifactKey: Guid(65c53937484692642823291342f6ad9f) Importer(815301076,1909f56bfc062723c751e8b465ee728b)
Start importing Assets/TexturesAndSprites/groundtexture2.png using Guid(65c53937484692642823291342f6ad9f) Importer(815301076,1909f56bfc062723c751e8b465ee728b)  -> (artifact id: '60ed7dbcb4feb399f7a62c55ddedf93a') in 0.045451 seconds 
========================================================================
Received Import Request.
  Time since last request: 0.009503 seconds.
  path: Assets/TexturesAndSprites/flameTrail.png
  artifactKey: Guid(7661879419a291a4b9aced263199200f) Importer(815301076,1909f56bfc062723c751e8b465ee728b)
Start importing Assets/TexturesAndSprites/flameTrail.png using Guid(7661879419a291a4b9aced263199200f) Importer(815301076,1909f56bfc062723c751e8b465ee728b)  -> (artifact id: 'b05112da64becba362e4b7b5456b165b') in 0.024410 seconds 
========================================================================
Received Import Request.
  Time since last request: 0.034468 seconds.
  path: Assets/TexturesAndSprites/FireTrail.png
  artifactKey: Guid(a3db42c7eff534d4f859fe3791242600) Importer(815301076,1909f56bfc062723c751e8b465ee728b)
Start importing Assets/TexturesAndSprites/FireTrail.png using Guid(a3db42c7eff534d4f859fe3791242600) Importer(815301076,1909f56bfc062723c751e8b465ee728b)  -> (artifact id: '53ae3cc7e6041eff5a1682807dca0f10') in 0.028531 seconds 
========================================================================
Received Import Request.
  Time since last request: 0.012864 seconds.
  path: Assets/TexturesAndSprites/FinishText.png
  artifactKey: Guid(0fdbf6b8ff92bd64fb63ba29d3cfafc7) Importer(815301076,1909f56bfc062723c751e8b465ee728b)
Start importing Assets/TexturesAndSprites/FinishText.png using Guid(0fdbf6b8ff92bd64fb63ba29d3cfafc7) Importer(815301076,1909f56bfc062723c751e8b465ee728b)  -> (artifact id: 'e90da3e96fd98b82a454e6ac0b49a526') in 0.023522 seconds 
========================================================================
Received Import Request.
  Time since last request: 0.027675 seconds.
  path: Assets/TexturesAndSprites/finalTexture.png
  artifactKey: Guid(6fcb5fa197b4fd346a701472b3ad560e) Importer(815301076,1909f56bfc062723c751e8b465ee728b)
Start importing Assets/TexturesAndSprites/finalTexture.png using Guid(6fcb5fa197b4fd346a701472b3ad560e) Importer(815301076,1909f56bfc062723c751e8b465ee728b)  -> (artifact id: '0654a388d67e6ff541a2a913e52a7c34') in 0.015113 seconds 
========================================================================
Received Import Request.
  Time since last request: 0.037237 seconds.
  path: Assets/TexturesAndSprites/diamondRender.png
  artifactKey: Guid(31821175db27422429d09503f618671f) Importer(815301076,1909f56bfc062723c751e8b465ee728b)
Start importing Assets/TexturesAndSprites/diamondRender.png using Guid(31821175db27422429d09503f618671f) Importer(815301076,1909f56bfc062723c751e8b465ee728b)  -> (artifact id: 'c6174c39da91470d66dc63d5660dc695') in 0.024761 seconds 
========================================================================
Received Import Request.
  Time since last request: 0.043319 seconds.
  path: Assets/TexturesAndSprites/basketball_hoop_diffuse_noAO.jpg
  artifactKey: Guid(74c0e62926037ce43ba1b5a8f856b271) Importer(815301076,1909f56bfc062723c751e8b465ee728b)
Start importing Assets/TexturesAndSprites/basketball_hoop_diffuse_noAO.jpg using Guid(74c0e62926037ce43ba1b5a8f856b271) Importer(815301076,1909f56bfc062723c751e8b465ee728b)  -> (artifact id: '9c1dcdb98c0c4775ec54cc0b53c3b596') in 0.024448 seconds 
========================================================================
Received Import Request.
  Time since last request: 5.662203 seconds.
  path: Assets/TexturesAndSprites/paintStain.png
  artifactKey: Guid(5c65ca429ca08d047b2d844a349505a1) Importer(815301076,1909f56bfc062723c751e8b465ee728b)
Start importing Assets/TexturesAndSprites/paintStain.png using Guid(5c65ca429ca08d047b2d844a349505a1) Importer(815301076,1909f56bfc062723c751e8b465ee728b)  -> (artifact id: '18cd06abcd90ed30e9ba450717dc75e5') in 0.089882 seconds 
========================================================================
Received Import Request.
  Time since last request: 0.191922 seconds.
  path: Assets/TexturesAndSprites/paintStain1Main.png
  artifactKey: Guid(ee0e341e16a50a84aad42f8ca3115a39) Importer(815301076,1909f56bfc062723c751e8b465ee728b)
Start importing Assets/TexturesAndSprites/paintStain1Main.png using Guid(ee0e341e16a50a84aad42f8ca3115a39) Importer(815301076,1909f56bfc062723c751e8b465ee728b)  -> (artifact id: 'fa4f979d86dfc0441d8361fb85dc3d2e') in 0.080658 seconds 
========================================================================
Received Import Request.
  Time since last request: 0.145323 seconds.
  path: Assets/TexturesAndSprites/pngegg.png
  artifactKey: Guid(00e5d81dc7242994a84993c55b35f47c) Importer(815301076,1909f56bfc062723c751e8b465ee728b)
Start importing Assets/TexturesAndSprites/pngegg.png using Guid(00e5d81dc7242994a84993c55b35f47c) Importer(815301076,1909f56bfc062723c751e8b465ee728b)  -> (artifact id: '76844e5d0f3e2582b7a00049ab65e59d') in 0.032408 seconds 
========================================================================
Received Import Request.
  Time since last request: 0.151189 seconds.
  path: Assets/TexturesAndSprites/whiteFill.png
  artifactKey: Guid(bf3c961ca32b77241a3da84c4c6d1307) Importer(815301076,1909f56bfc062723c751e8b465ee728b)
Start importing Assets/TexturesAndSprites/whiteFill.png using Guid(bf3c961ca32b77241a3da84c4c6d1307) Importer(815301076,1909f56bfc062723c751e8b465ee728b)  -> (artifact id: '5b3983cde3b1628833e5e2513507cf0c') in 0.026513 seconds 
========================================================================
Received Import Request.
  Time since last request: 18.803973 seconds.
  path: Assets/TexturesAndSprites/gamelogo.jpg
  artifactKey: Guid(53ef0064a1aada042b925153816f1248) Importer(815301076,1909f56bfc062723c751e8b465ee728b)
Start importing Assets/TexturesAndSprites/gamelogo.jpg using Guid(53ef0064a1aada042b925153816f1248) Importer(815301076,1909f56bfc062723c751e8b465ee728b)  -> (artifact id: 'ea67283244a0fec7b2a14cbced9e4c15') in 0.018739 seconds 
========================================================================
Received Import Request.
  Time since last request: 6.404048 seconds.
  path: Assets/TexturesAndSprites/gamelogo-big.png
  artifactKey: Guid(6caf11395d2a274458947bc25ec75263) Importer(815301076,1909f56bfc062723c751e8b465ee728b)
Start importing Assets/TexturesAndSprites/gamelogo-big.png using Guid(6caf11395d2a274458947bc25ec75263) Importer(815301076,1909f56bfc062723c751e8b465ee728b)  -> (artifact id: '22e9d1f810aa247ed54e601a951fc4c3') in 0.023470 seconds 
========================================================================
Received Prepare
Refreshing native plugins compatible for Editor in 1.76 ms, found 0 plugins.
Preloading 0 native plugins for Editor in 0.00 ms.
Unloading 13 Unused Serialized files (Serialized files now loaded: 0)
Unloading 13 unused Assets / (0.7 MB). Loaded Objects now: 3716.
Memory consumption went from 88.0 MB to 87.3 MB.
Total: 3.945300 ms (FindLiveObjects: 0.363700 ms CreateObjectMapping: 0.193000 ms MarkObjects: 3.034800 ms  DeleteObjects: 0.353000 ms)

AssetImportParameters requested are different than current active one (requested -> active):
  custom:video-decoder-ogg-theora: a1e56fd34408186e4bbccfd4996cb3dc -> 
  custom:container-muxer-webm: aa71ff27fc2769a1b78a27578f13a17b -> 
  custom:container-demuxer-webm: 4f35f7cbe854078d1ac9338744f61a02 -> 
  custom:video-encoder-webm-vp8: eb34c28f22e8b96e1ab97ce403110664 -> 
  custom:video-codec-MediaFoundation-h265: 746d11721c4dcdbdad8f713fa42b33f4 -> 
  custom:audio-encoder-webm-vorbis: bf7c407c2cedff20999df2af8eb42d56 -> 
  custom:framework-win-MediaFoundation: 216162199b28c13a410421893ffa2e32 -> 
  custom:container-demuxer-ogg: 62fdf1f143b41e24485cea50d1cbac27 -> 
  custom:video-decoder-webm-vp8: 9c59270c3fd7afecdb556c50c9e8de78 -> 
  custom:audio-decoder-ogg-vorbis: bf7c407c2cedff20999df2af8eb42d56 -> 
========================================================================
Received Prepare
Refreshing native plugins compatible for Editor in 1.62 ms, found 0 plugins.
Preloading 0 native plugins for Editor in 0.00 ms.
Unloading 13 Unused Serialized files (Serialized files now loaded: 0)
Unloading 13 unused Assets / (0.8 MB). Loaded Objects now: 3716.
Memory consumption went from 88.1 MB to 87.3 MB.
Total: 4.496900 ms (FindLiveObjects: 0.295300 ms CreateObjectMapping: 0.199000 ms MarkObjects: 3.585600 ms  DeleteObjects: 0.415800 ms)

AssetImportParameters requested are different than current active one (requested -> active):
  custom:video-decoder-ogg-theora: a1e56fd34408186e4bbccfd4996cb3dc -> 
  custom:container-muxer-webm: aa71ff27fc2769a1b78a27578f13a17b -> 
  custom:container-demuxer-webm: 4f35f7cbe854078d1ac9338744f61a02 -> 
  custom:video-encoder-webm-vp8: eb34c28f22e8b96e1ab97ce403110664 -> 
  custom:video-codec-MediaFoundation-h265: 746d11721c4dcdbdad8f713fa42b33f4 -> 
  custom:audio-encoder-webm-vorbis: bf7c407c2cedff20999df2af8eb42d56 -> 
  custom:framework-win-MediaFoundation: 216162199b28c13a410421893ffa2e32 -> 
  custom:container-demuxer-ogg: 62fdf1f143b41e24485cea50d1cbac27 -> 
  custom:video-decoder-webm-vp8: 9c59270c3fd7afecdb556c50c9e8de78 -> 
  custom:audio-decoder-ogg-vorbis: bf7c407c2cedff20999df2af8eb42d56 -> 
========================================================================
Received Prepare
Refreshing native plugins compatible for Editor in 1.65 ms, found 0 plugins.
Preloading 0 native plugins for Editor in 0.00 ms.
Unloading 13 Unused Serialized files (Serialized files now loaded: 0)
Unloading 13 unused Assets / (0.8 MB). Loaded Objects now: 3716.
Memory consumption went from 88.1 MB to 87.3 MB.
Total: 4.659300 ms (FindLiveObjects: 0.303300 ms CreateObjectMapping: 0.216000 ms MarkObjects: 3.597000 ms  DeleteObjects: 0.541500 ms)

AssetImportParameters requested are different than current active one (requested -> active):
  custom:video-decoder-ogg-theora: a1e56fd34408186e4bbccfd4996cb3dc -> 
  custom:container-muxer-webm: aa71ff27fc2769a1b78a27578f13a17b -> 
  custom:container-demuxer-webm: 4f35f7cbe854078d1ac9338744f61a02 -> 
  custom:video-encoder-webm-vp8: eb34c28f22e8b96e1ab97ce403110664 -> 
  custom:video-codec-MediaFoundation-h265: 746d11721c4dcdbdad8f713fa42b33f4 -> 
  custom:audio-encoder-webm-vorbis: bf7c407c2cedff20999df2af8eb42d56 -> 
  custom:framework-win-MediaFoundation: 216162199b28c13a410421893ffa2e32 -> 
  custom:container-demuxer-ogg: 62fdf1f143b41e24485cea50d1cbac27 -> 
  custom:video-decoder-webm-vp8: 9c59270c3fd7afecdb556c50c9e8de78 -> 
  custom:audio-decoder-ogg-vorbis: bf7c407c2cedff20999df2af8eb42d56 -> 
========================================================================
Received Prepare
Refreshing native plugins compatible for Editor in 2.09 ms, found 0 plugins.
Preloading 0 native plugins for Editor in 0.00 ms.
Unloading 13 Unused Serialized files (Serialized files now loaded: 0)
Unloading 13 unused Assets / (0.7 MB). Loaded Objects now: 3716.
Memory consumption went from 88.0 MB to 87.3 MB.
Total: 4.784100 ms (FindLiveObjects: 0.316400 ms CreateObjectMapping: 0.240100 ms MarkObjects: 3.811500 ms  DeleteObjects: 0.415400 ms)

AssetImportParameters requested are different than current active one (requested -> active):
  custom:video-decoder-ogg-theora: a1e56fd34408186e4bbccfd4996cb3dc -> 
  custom:container-muxer-webm: aa71ff27fc2769a1b78a27578f13a17b -> 
  custom:container-demuxer-webm: 4f35f7cbe854078d1ac9338744f61a02 -> 
  custom:video-encoder-webm-vp8: eb34c28f22e8b96e1ab97ce403110664 -> 
  custom:video-codec-MediaFoundation-h265: 746d11721c4dcdbdad8f713fa42b33f4 -> 
  custom:audio-encoder-webm-vorbis: bf7c407c2cedff20999df2af8eb42d56 -> 
  custom:framework-win-MediaFoundation: 216162199b28c13a410421893ffa2e32 -> 
  custom:container-demuxer-ogg: 62fdf1f143b41e24485cea50d1cbac27 -> 
  custom:video-decoder-webm-vp8: 9c59270c3fd7afecdb556c50c9e8de78 -> 
  custom:audio-decoder-ogg-vorbis: bf7c407c2cedff20999df2af8eb42d56 -> 
